<?xml version="1.0" encoding="UTF-8"?>
<!-- Generated by org.testng.reporters.JUnitXMLReporter -->
<testsuite ignored="0" hostname="WENDELLROBLES-HP-EB-840-G3" failures="0" tests="4" name="Surefire test" time="111.663" errors="0" timestamp="2024-09-23T10:14:54 CDT">
  <testcase classname="test.com.SearchStoreByZipCodeTest" name="testSearchStoreByZipCode" time="23.874"/>
  <testcase classname="test.com.FAQReturnsTest" name="testFAQReturns" time="19.644"/>
  <testcase classname="test.com.AddItemToFavoritesTest" name="testAddItemToFavorites" time="27.068"/>
  <testcase classname="test.com.SearchStoreByCityStateDirectionsTest" name="testSearchStoreByCityStateDirections" time="26.95"/>
</testsuite> <!-- Surefire test -->
