<?xml version="1.0" encoding="UTF-8"?>
<!-- Generated by org.testng.reporters.JUnitXMLReporter -->
<testsuite ignored="0" hostname="WENDELLROBLES-HP-EB-840-G3" failures="0" tests="3" name="Surefire test" time="68.467" errors="0" timestamp="2024-09-23T23:40:09 CDT">
  <testcase classname="test.com.SearchStoreByZipCodeTest" name="testSearchStoreByZipCode" time="19.737"/>
  <testcase classname="test.com.FAQReturnsTest" name="testFAQReturns" time="16.623"/>
  <testcase classname="test.com.SearchStoreByCityStateDirectionsTest" name="testSearchStoreByCityStateDirections" time="24.123"/>
</testsuite> <!-- Surefire test -->
