<?xml version="1.0" encoding="UTF-8"?>
<testng-results ignored="0" total="4" passed="4" failed="0" skipped="0">
  <reporter-output>
  </reporter-output>
  <suite started-at="2024-09-23T10:13:03 CDT" name="Surefire suite" finished-at="2024-09-23T10:14:54 CDT" duration-ms="111663">
    <groups>
    </groups>
    <test started-at="2024-09-23T10:13:03 CDT" name="Surefire test" finished-at="2024-09-23T10:14:54 CDT" duration-ms="111663">
      <class name="test.com.FAQReturnsTest">
        <test-method is-config="true" signature="setUpClass()[pri:0, instance:test.com.FAQReturnsTest@6e0dec4a]" started-at="2024-09-23T10:13:34 CDT" name="setUpClass" finished-at="2024-09-23T10:13:34 CDT" duration-ms="0" status="PASS">
          <reporter-output>
          </reporter-output>
        </test-method> <!-- setUpClass -->
        <test-method is-config="true" signature="setUpMethod()[pri:0, instance:test.com.FAQReturnsTest@6e0dec4a]" started-at="2024-09-23T10:13:34 CDT" name="setUpMethod" finished-at="2024-09-23T10:13:36 CDT" duration-ms="1949" status="PASS">
          <reporter-output>
          </reporter-output>
        </test-method> <!-- setUpMethod -->
        <test-method signature="testFAQReturns()[pri:0, instance:test.com.FAQReturnsTest@6e0dec4a]" started-at="2024-09-23T10:13:36 CDT" name="testFAQReturns" finished-at="2024-09-23T10:13:55 CDT" duration-ms="19644" status="PASS">
          <reporter-output>
          </reporter-output>
        </test-method> <!-- testFAQReturns -->
        <test-method is-config="true" signature="tearDownMethod()[pri:0, instance:test.com.FAQReturnsTest@6e0dec4a]" started-at="2024-09-23T10:13:55 CDT" name="tearDownMethod" finished-at="2024-09-23T10:13:56 CDT" duration-ms="269" status="PASS">
          <reporter-output>
          </reporter-output>
        </test-method> <!-- tearDownMethod -->
        <test-method is-config="true" signature="tearDownClass()[pri:0, instance:test.com.FAQReturnsTest@6e0dec4a]" started-at="2024-09-23T10:13:56 CDT" name="tearDownClass" finished-at="2024-09-23T10:13:56 CDT" duration-ms="1" status="PASS">
          <reporter-output>
          </reporter-output>
        </test-method> <!-- tearDownClass -->
      </class> <!-- test.com.FAQReturnsTest -->
      <class name="test.com.SearchStoreByCityStateDirectionsTest">
        <test-method is-config="true" signature="setUpClass()[pri:0, instance:test.com.SearchStoreByCityStateDirectionsTest@5ccddd20]" started-at="2024-09-23T10:14:25 CDT" name="setUpClass" finished-at="2024-09-23T10:14:25 CDT" duration-ms="0" status="PASS">
          <reporter-output>
          </reporter-output>
        </test-method> <!-- setUpClass -->
        <test-method is-config="true" signature="setUpMethod()[pri:0, instance:test.com.SearchStoreByCityStateDirectionsTest@5ccddd20]" started-at="2024-09-23T10:14:25 CDT" name="setUpMethod" finished-at="2024-09-23T10:14:27 CDT" duration-ms="2020" status="PASS">
          <reporter-output>
          </reporter-output>
        </test-method> <!-- setUpMethod -->
        <test-method signature="testSearchStoreByCityStateDirections()[pri:0, instance:test.com.SearchStoreByCityStateDirectionsTest@5ccddd20]" started-at="2024-09-23T10:14:27 CDT" name="testSearchStoreByCityStateDirections" finished-at="2024-09-23T10:14:54 CDT" duration-ms="26950" status="PASS">
          <reporter-output>
          </reporter-output>
        </test-method> <!-- testSearchStoreByCityStateDirections -->
        <test-method is-config="true" signature="tearDownMethod()[pri:0, instance:test.com.SearchStoreByCityStateDirectionsTest@5ccddd20]" started-at="2024-09-23T10:14:54 CDT" name="tearDownMethod" finished-at="2024-09-23T10:14:54 CDT" duration-ms="286" status="PASS">
          <reporter-output>
          </reporter-output>
        </test-method> <!-- tearDownMethod -->
        <test-method is-config="true" signature="tearDownClass()[pri:0, instance:test.com.SearchStoreByCityStateDirectionsTest@5ccddd20]" started-at="2024-09-23T10:14:54 CDT" name="tearDownClass" finished-at="2024-09-23T10:14:54 CDT" duration-ms="0" status="PASS">
          <reporter-output>
          </reporter-output>
        </test-method> <!-- tearDownClass -->
      </class> <!-- test.com.SearchStoreByCityStateDirectionsTest -->
      <class name="test.com.SearchStoreByZipCodeTest">
        <test-method is-config="true" signature="setUpClass()[pri:0, instance:test.com.SearchStoreByZipCodeTest@2b6faea6]" started-at="2024-09-23T10:13:03 CDT" name="setUpClass" finished-at="2024-09-23T10:13:03 CDT" duration-ms="21" status="PASS">
          <reporter-output>
          </reporter-output>
        </test-method> <!-- setUpClass -->
        <test-method is-config="true" signature="setUpMethod()[pri:0, instance:test.com.SearchStoreByZipCodeTest@2b6faea6]" started-at="2024-09-23T10:13:03 CDT" name="setUpMethod" finished-at="2024-09-23T10:13:10 CDT" duration-ms="7121" status="PASS">
          <reporter-output>
          </reporter-output>
        </test-method> <!-- setUpMethod -->
        <test-method signature="testSearchStoreByZipCode()[pri:0, instance:test.com.SearchStoreByZipCodeTest@2b6faea6]" started-at="2024-09-23T10:13:10 CDT" name="testSearchStoreByZipCode" finished-at="2024-09-23T10:13:34 CDT" duration-ms="23874" status="PASS">
          <reporter-output>
          </reporter-output>
        </test-method> <!-- testSearchStoreByZipCode -->
        <test-method is-config="true" signature="tearDownMethod()[pri:0, instance:test.com.SearchStoreByZipCodeTest@2b6faea6]" started-at="2024-09-23T10:13:34 CDT" name="tearDownMethod" finished-at="2024-09-23T10:13:34 CDT" duration-ms="231" status="PASS">
          <reporter-output>
          </reporter-output>
        </test-method> <!-- tearDownMethod -->
        <test-method is-config="true" signature="tearDownClass()[pri:0, instance:test.com.SearchStoreByZipCodeTest@2b6faea6]" started-at="2024-09-23T10:13:34 CDT" name="tearDownClass" finished-at="2024-09-23T10:13:34 CDT" duration-ms="1" status="PASS">
          <reporter-output>
          </reporter-output>
        </test-method> <!-- tearDownClass -->
      </class> <!-- test.com.SearchStoreByZipCodeTest -->
      <class name="test.com.AddItemToFavoritesTest">
        <test-method is-config="true" signature="setUpClass()[pri:0, instance:test.com.AddItemToFavoritesTest@96def03]" started-at="2024-09-23T10:13:56 CDT" name="setUpClass" finished-at="2024-09-23T10:13:56 CDT" duration-ms="1" status="PASS">
          <reporter-output>
          </reporter-output>
        </test-method> <!-- setUpClass -->
        <test-method is-config="true" signature="setUpMethod()[pri:0, instance:test.com.AddItemToFavoritesTest@96def03]" started-at="2024-09-23T10:13:56 CDT" name="setUpMethod" finished-at="2024-09-23T10:13:58 CDT" duration-ms="1762" status="PASS">
          <reporter-output>
          </reporter-output>
        </test-method> <!-- setUpMethod -->
        <test-method signature="testAddItemToFavorites()[pri:0, instance:test.com.AddItemToFavoritesTest@96def03]" started-at="2024-09-23T10:13:58 CDT" name="testAddItemToFavorites" finished-at="2024-09-23T10:14:25 CDT" duration-ms="27068" status="PASS">
          <reporter-output>
          </reporter-output>
        </test-method> <!-- testAddItemToFavorites -->
        <test-method is-config="true" signature="tearDownMethod()[pri:0, instance:test.com.AddItemToFavoritesTest@96def03]" started-at="2024-09-23T10:14:25 CDT" name="tearDownMethod" finished-at="2024-09-23T10:14:25 CDT" duration-ms="357" status="PASS">
          <reporter-output>
          </reporter-output>
        </test-method> <!-- tearDownMethod -->
        <test-method is-config="true" signature="tearDownClass()[pri:0, instance:test.com.AddItemToFavoritesTest@96def03]" started-at="2024-09-23T10:14:25 CDT" name="tearDownClass" finished-at="2024-09-23T10:14:25 CDT" duration-ms="1" status="PASS">
          <reporter-output>
          </reporter-output>
        </test-method> <!-- tearDownClass -->
      </class> <!-- test.com.AddItemToFavoritesTest -->
    </test> <!-- Surefire test -->
  </suite> <!-- Surefire suite -->
</testng-results>
