<?xml version="1.0" encoding="UTF-8"?>
<testng-results ignored="0" total="3" passed="3" failed="0" skipped="0">
  <reporter-output>
  </reporter-output>
  <suite started-at="2024-09-23T23:39:00 CDT" name="Surefire suite" finished-at="2024-09-23T23:40:09 CDT" duration-ms="68467">
    <groups>
    </groups>
    <test started-at="2024-09-23T23:39:00 CDT" name="Surefire test" finished-at="2024-09-23T23:40:09 CDT" duration-ms="68467">
      <class name="test.com.FAQReturnsTest">
        <test-method is-config="true" signature="setUpClass()[pri:0, instance:test.com.FAQReturnsTest@49c386c8]" started-at="2024-09-23T23:39:24 CDT" name="setUpClass" finished-at="2024-09-23T23:39:24 CDT" duration-ms="1" status="PASS">
          <reporter-output>
          </reporter-output>
        </test-method> <!-- setUpClass -->
        <test-method is-config="true" signature="setUpMethod()[pri:0, instance:test.com.FAQReturnsTest@49c386c8]" started-at="2024-09-23T23:39:24 CDT" name="setUpMethod" finished-at="2024-09-23T23:39:26 CDT" duration-ms="1613" status="PASS">
          <reporter-output>
          </reporter-output>
        </test-method> <!-- setUpMethod -->
        <test-method signature="testFAQReturns()[pri:0, instance:test.com.FAQReturnsTest@49c386c8]" started-at="2024-09-23T23:39:26 CDT" name="testFAQReturns" finished-at="2024-09-23T23:39:42 CDT" duration-ms="16623" status="PASS">
          <reporter-output>
          </reporter-output>
        </test-method> <!-- testFAQReturns -->
        <test-method is-config="true" signature="tearDownMethod()[pri:0, instance:test.com.FAQReturnsTest@49c386c8]" started-at="2024-09-23T23:39:42 CDT" name="tearDownMethod" finished-at="2024-09-23T23:39:43 CDT" duration-ms="253" status="PASS">
          <reporter-output>
          </reporter-output>
        </test-method> <!-- tearDownMethod -->
        <test-method is-config="true" signature="tearDownClass()[pri:0, instance:test.com.FAQReturnsTest@49c386c8]" started-at="2024-09-23T23:39:43 CDT" name="tearDownClass" finished-at="2024-09-23T23:39:43 CDT" duration-ms="1" status="PASS">
          <reporter-output>
          </reporter-output>
        </test-method> <!-- tearDownClass -->
      </class> <!-- test.com.FAQReturnsTest -->
      <class name="test.com.SearchStoreByCityStateDirectionsTest">
        <test-method is-config="true" signature="setUpClass()[pri:0, instance:test.com.SearchStoreByCityStateDirectionsTest@56528192]" started-at="2024-09-23T23:39:43 CDT" name="setUpClass" finished-at="2024-09-23T23:39:43 CDT" duration-ms="1" status="PASS">
          <reporter-output>
          </reporter-output>
        </test-method> <!-- setUpClass -->
        <test-method is-config="true" signature="setUpMethod()[pri:0, instance:test.com.SearchStoreByCityStateDirectionsTest@56528192]" started-at="2024-09-23T23:39:43 CDT" name="setUpMethod" finished-at="2024-09-23T23:39:44 CDT" duration-ms="1905" status="PASS">
          <reporter-output>
          </reporter-output>
        </test-method> <!-- setUpMethod -->
        <test-method signature="testSearchStoreByCityStateDirections()[pri:0, instance:test.com.SearchStoreByCityStateDirectionsTest@56528192]" started-at="2024-09-23T23:39:44 CDT" name="testSearchStoreByCityStateDirections" finished-at="2024-09-23T23:40:09 CDT" duration-ms="24123" status="PASS">
          <reporter-output>
          </reporter-output>
        </test-method> <!-- testSearchStoreByCityStateDirections -->
        <test-method is-config="true" signature="tearDownMethod()[pri:0, instance:test.com.SearchStoreByCityStateDirectionsTest@56528192]" started-at="2024-09-23T23:40:09 CDT" name="tearDownMethod" finished-at="2024-09-23T23:40:09 CDT" duration-ms="211" status="PASS">
          <reporter-output>
          </reporter-output>
        </test-method> <!-- tearDownMethod -->
        <test-method is-config="true" signature="tearDownClass()[pri:0, instance:test.com.SearchStoreByCityStateDirectionsTest@56528192]" started-at="2024-09-23T23:40:09 CDT" name="tearDownClass" finished-at="2024-09-23T23:40:09 CDT" duration-ms="1" status="PASS">
          <reporter-output>
          </reporter-output>
        </test-method> <!-- tearDownClass -->
      </class> <!-- test.com.SearchStoreByCityStateDirectionsTest -->
      <class name="test.com.SearchStoreByZipCodeTest">
        <test-method is-config="true" signature="setUpClass()[pri:0, instance:test.com.SearchStoreByZipCodeTest@7f010382]" started-at="2024-09-23T23:39:00 CDT" name="setUpClass" finished-at="2024-09-23T23:39:00 CDT" duration-ms="15" status="PASS">
          <reporter-output>
          </reporter-output>
        </test-method> <!-- setUpClass -->
        <test-method is-config="true" signature="setUpMethod()[pri:0, instance:test.com.SearchStoreByZipCodeTest@7f010382]" started-at="2024-09-23T23:39:00 CDT" name="setUpMethod" finished-at="2024-09-23T23:39:04 CDT" duration-ms="3662" status="PASS">
          <reporter-output>
          </reporter-output>
        </test-method> <!-- setUpMethod -->
        <test-method signature="testSearchStoreByZipCode()[pri:0, instance:test.com.SearchStoreByZipCodeTest@7f010382]" started-at="2024-09-23T23:39:04 CDT" name="testSearchStoreByZipCode" finished-at="2024-09-23T23:39:24 CDT" duration-ms="19737" status="PASS">
          <reporter-output>
          </reporter-output>
        </test-method> <!-- testSearchStoreByZipCode -->
        <test-method is-config="true" signature="tearDownMethod()[pri:0, instance:test.com.SearchStoreByZipCodeTest@7f010382]" started-at="2024-09-23T23:39:24 CDT" name="tearDownMethod" finished-at="2024-09-23T23:39:24 CDT" duration-ms="254" status="PASS">
          <reporter-output>
          </reporter-output>
        </test-method> <!-- tearDownMethod -->
        <test-method is-config="true" signature="tearDownClass()[pri:0, instance:test.com.SearchStoreByZipCodeTest@7f010382]" started-at="2024-09-23T23:39:24 CDT" name="tearDownClass" finished-at="2024-09-23T23:39:24 CDT" duration-ms="1" status="PASS">
          <reporter-output>
          </reporter-output>
        </test-method> <!-- tearDownClass -->
      </class> <!-- test.com.SearchStoreByZipCodeTest -->
    </test> <!-- Surefire test -->
  </suite> <!-- Surefire suite -->
</testng-results>
